  anime.cpp
  Draw.cpp
  End.cpp
  functoin.cpp
  GameTask.cpp
  Key.cpp
  main.cpp
  mouse.cpp
  Page.cpp
D:\麻生　夏\novel\Novel3\Novel3\Page.cpp(12,22): warning C4805: '==': 演算中の 'int' 型と 'bool' 型の混用は安全ではありません
D:\麻生　夏\novel\Novel3\Novel3\Page.cpp(18,22): warning C4805: '==': 演算中の 'int' 型と 'bool' 型の混用は安全ではありません
  test.cpp
  Text.cpp
D:\麻生　夏\novel\Novel3\Novel3\Text.cpp(162,25): warning C4018: '<=': signed と unsigned の数値を比較しようとしました。
D:\麻生　夏\novel\Novel3\Novel3\Text.cpp(181,24): warning C4018: '<=': signed と unsigned の数値を比較しようとしました。
D:\麻生　夏\novel\Novel3\Novel3\Text.cpp(435,5): warning C4804: '>': 演算中の 'bool' 型の使用方法が安全ではありません
  title.cpp
D:\麻生　夏\novel\Novel3\Novel3\title.cpp(13,24): warning C4805: '==': 演算中の 'int' 型と 'bool' 型の混用は安全ではありません
  User.cpp
     ライブラリ D:\麻生　夏\novel\Novel3\Release\Novel3.lib とオブジェクト D:\麻生　夏\novel\Novel3\Release\Novel3.exp を作成中
  コード生成しています。
  Compiler version has changed, fall back to full compilation.
D:\麻生　夏\novel\Novel3\Novel3\Text.cpp(189): warning C4715: 'TextClass::CutSpace': 値を返さないコントロール パスがあります。
  All 485 functions were compiled because no usable IPDB/IOBJ from previous compilation was found.
  コード生成が終了しました。
  Novel3.vcxproj -> D:\麻生　夏\novel\Novel3\Release\Novel3.exe
